-------------------------------------------------------------------------------
Test set: com.alenasoft.urbanager.resources.example.ExampleResourceTest
-------------------------------------------------------------------------------
Tests run: 1, Failures: 0, Errors: 1, Skipped: 0, Time elapsed: 6.718 sec <<< FAILURE!
com.alenasoft.urbanager.resources.example.ExampleResourceTest  Time elapsed: 6.718 sec  <<< ERROR!
java.lang.RuntimeException: java.net.BindException: Address already in use: bind
	at org.eclipse.jetty.setuid.SetUIDListener.lifeCycleStarting(SetUIDListener.java:213)
	at org.eclipse.jetty.util.component.AbstractLifeCycle.setStarting(AbstractLifeCycle.java:188)
	at org.eclipse.jetty.util.component.AbstractLifeCycle.start(AbstractLifeCycle.java:67)
	at io.dropwizard.cli.ServerCommand.run(ServerCommand.java:53)
	at io.dropwizard.cli.EnvironmentCommand.run(EnvironmentCommand.java:44)
	at io.dropwizard.cli.ConfiguredCommand.run(ConfiguredCommand.java:85)
	at io.dropwizard.testing.DropwizardTestSupport.startIfRequired(DropwizardTestSupport.java:194)
	at io.dropwizard.testing.DropwizardTestSupport.before(DropwizardTestSupport.java:112)
	at io.dropwizard.testing.junit.DropwizardAppRule.before(DropwizardAppRule.java:128)
	at org.junit.rules.ExternalResource$1.evaluate(ExternalResource.java:46)
	at org.junit.rules.RunRules.evaluate(RunRules.java:20)
	at org.junit.runners.ParentRunner.run(ParentRunner.java:363)
	at org.apache.maven.surefire.junit4.JUnit4Provider.execute(JUnit4Provider.java:252)
	at org.apache.maven.surefire.junit4.JUnit4Provider.executeTestSet(JUnit4Provider.java:141)
	at org.apache.maven.surefire.junit4.JUnit4Provider.invoke(JUnit4Provider.java:112)
	at sun.reflect.NativeMethodAccessorImpl.invoke0(Native Method)
	at sun.reflect.NativeMethodAccessorImpl.invoke(NativeMethodAccessorImpl.java:62)
	at sun.reflect.DelegatingMethodAccessorImpl.invoke(DelegatingMethodAccessorImpl.java:43)
	at java.lang.reflect.Method.invoke(Method.java:498)
	at org.apache.maven.surefire.util.ReflectionUtils.invokeMethodWithArray(ReflectionUtils.java:189)
	at org.apache.maven.surefire.booter.ProviderFactory$ProviderProxy.invoke(ProviderFactory.java:165)
	at org.apache.maven.surefire.booter.ProviderFactory.invokeProvider(ProviderFactory.java:85)
	at org.apache.maven.surefire.booter.ForkedBooter.runSuitesInProcess(ForkedBooter.java:115)
	at org.apache.maven.surefire.booter.ForkedBooter.main(ForkedBooter.java:75)
Caused by: java.net.BindException: Address already in use: bind
	at sun.nio.ch.Net.bind0(Native Method)
	at sun.nio.ch.Net.bind(Net.java:433)
	at sun.nio.ch.Net.bind(Net.java:425)
	at sun.nio.ch.ServerSocketChannelImpl.bind(ServerSocketChannelImpl.java:223)
	at sun.nio.ch.ServerSocketAdaptor.bind(ServerSocketAdaptor.java:74)
	at org.eclipse.jetty.server.ServerConnector.open(ServerConnector.java:317)
	at org.eclipse.jetty.setuid.SetUIDListener.lifeCycleStarting(SetUIDListener.java:200)
	... 23 more

