<?xml version="1.0" encoding="UTF-8" ?>
<testsuite tests="1" failures="0" name="com.alenasoft.urbanager.resources.example.ExampleResourceTest" time="6.718" errors="1" skipped="0">
  <properties>
[...]
</properties>
  <testcase classname="com.alenasoft.urbanager.resources.example.ExampleResourceTest" name="com.alenasoft.urbanager.resources.example.ExampleResourceTest" time="6.718">
    <error message="java.net.BindException: Address already in use: bind" type="java.lang.RuntimeException">java.lang.RuntimeException: java.net.BindException: Address already in use: bind
	at org.eclipse.jetty.setuid.SetUIDListener.lifeCycleStarting(SetUIDListener.java:213)
	at org.eclipse.jetty.util.component.AbstractLifeCycle.setStarting(AbstractLifeCycle.java:188)
	at org.eclipse.jetty.util.component.AbstractLifeCycle.start(AbstractLifeCycle.java:67)
	at io.dropwizard.cli.ServerCommand.run(ServerCommand.java:53)
	at io.dropwizard.cli.EnvironmentCommand.run(EnvironmentCommand.java:44)
	at io.dropwizard.cli.ConfiguredCommand.run(ConfiguredCommand.java:85)
	at io.dropwizard.testing.DropwizardTestSupport.startIfRequired(DropwizardTestSupport.java:194)
	at io.dropwizard.testing.DropwizardTestSupport.before(DropwizardTestSupport.java:112)
	at io.dropwizard.testing.junit.DropwizardAppRule.before(DropwizardAppRule.java:128)
	at org.junit.rules.ExternalResource$1.evaluate(ExternalResource.java:46)
	at org.junit.rules.RunRules.evaluate(RunRules.java:20)
	at org.junit.runners.ParentRunner.run(ParentRunner.java:363)
	at org.apache.maven.surefire.junit4.JUnit4Provider.execute(JUnit4Provider.java:252)
	at org.apache.maven.surefire.junit4.JUnit4Provider.executeTestSet(JUnit4Provider.java:141)
	at org.apache.maven.surefire.junit4.JUnit4Provider.invoke(JUnit4Provider.java:112)
	at sun.reflect.NativeMethodAccessorImpl.invoke0(Native Method)
	at sun.reflect.NativeMethodAccessorImpl.invoke(NativeMethodAccessorImpl.java:62)
	at sun.reflect.DelegatingMethodAccessorImpl.invoke(DelegatingMethodAccessorImpl.java:43)
	at java.lang.reflect.Method.invoke(Method.java:498)
	at org.apache.maven.surefire.util.ReflectionUtils.invokeMethodWithArray(ReflectionUtils.java:189)
	at org.apache.maven.surefire.booter.ProviderFactory$ProviderProxy.invoke(ProviderFactory.java:165)
	at org.apache.maven.surefire.booter.ProviderFactory.invokeProvider(ProviderFactory.java:85)
	at org.apache.maven.surefire.booter.ForkedBooter.runSuitesInProcess(ForkedBooter.java:115)
	at org.apache.maven.surefire.booter.ForkedBooter.main(ForkedBooter.java:75)
Caused by: java.net.BindException: Address already in use: bind
	at sun.nio.ch.Net.bind0(Native Method)
	at sun.nio.ch.Net.bind(Net.java:433)
	at sun.nio.ch.Net.bind(Net.java:425)
	at sun.nio.ch.ServerSocketChannelImpl.bind(ServerSocketChannelImpl.java:223)
	at sun.nio.ch.ServerSocketAdaptor.bind(ServerSocketAdaptor.java:74)
	at org.eclipse.jetty.server.ServerConnector.open(ServerConnector.java:317)
	at org.eclipse.jetty.setuid.SetUIDListener.lifeCycleStarting(SetUIDListener.java:200)
	... 23 more
</error>
    <system-out>INFO  [2018-04-05 23:39:59,932] org.eclipse.jetty.util.log: Logging initialized @3269ms
INFO  [2018-04-05 23:40:00,120] io.dropwizard.server.DefaultServerFactory: Registering jersey handler with root path prefix: /
INFO  [2018-04-05 23:40:00,120] io.dropwizard.server.DefaultServerFactory: Registering admin handler with root path prefix: /
INFO  [2018-04-05 23:40:00,135] io.dropwizard.assets.AssetsBundle: Registering AssetBundle with name: assets for path /swagger/*
INFO  [2018-04-05 23:40:00,557] org.hibernate.Version: HHH000412: Hibernate Core {5.1.0.Final}
INFO  [2018-04-05 23:40:00,557] org.hibernate.cfg.Environment: HHH000206: hibernate.properties not found
INFO  [2018-04-05 23:40:00,573] org.hibernate.cfg.Environment: HHH000021: Bytecode provider name : javassist
INFO  [2018-04-05 23:40:00,588] io.dropwizard.hibernate.SessionFactoryFactory: Entity classes: [com.alenasoft.urbanager.api.Example, com.alenasoft.urbanager.api.Result]
INFO  [2018-04-05 23:40:00,666] org.hibernate.annotations.common.Version: HCANN000001: Hibernate Commons Annotations {5.0.1.Final}
INFO  [2018-04-05 23:40:01,260] org.hibernate.dialect.Dialect: HHH000400: Using dialect: org.hibernate.dialect.H2Dialect
INFO  [2018-04-05 23:40:02,166] org.hibernate.type.BasicTypeRegistry: HHH000270: Type registration [java.util.Currency] overrides previous : org.hibernate.type.CurrencyType@7b6e5c12
Hibernate: drop table Example if exists
Hibernate: drop table Result if exists
Hibernate: create table Example (id bigint generated by default as identity, message varchar(255), title varchar(255), primary key (id))
Hibernate: create table Result (id bigint generated by default as identity, number1 integer not null, number2 integer not null, operation varchar(255), result integer not null, primary key (id))
INFO  [2018-04-05 23:40:02,541] org.hibernate.tool.schema.internal.SchemaCreatorImpl: HHH000476: Executing import script &apos;org.hibernate.tool.schema.internal.exec.ScriptSourceInputNonExistentImpl@1d12e953&apos;
INFO  [2018-04-05 23:40:02,557] org.hibernate.hql.internal.QueryTranslatorFactoryInitiator: HHH000397: Using ASTQueryTranslatorFactory
INFO  [2018-04-05 23:40:03,666] org.reflections.Reflections: Reflections took 203 ms to scan 3 urls, producing 89 keys and 93 values 
INFO  [2018-04-05 23:40:03,807] io.dropwizard.server.DefaultServerFactory: Registering jersey handler with root path prefix: /
INFO  [2018-04-05 23:40:03,807] io.dropwizard.server.DefaultServerFactory: Registering admin handler with root path prefix: /
INFO  [2018-04-05 23:40:03,823] io.dropwizard.server.ServerFactory: Starting Urbanager
=============================================================================

                        Urbanization Manager Starting

=============================================================================

ERROR [2018-04-05 23:40:04,010] io.dropwizard.cli.ServerCommand: Unable to start server, shutting down
! java.net.BindException: Address already in use: bind
! at sun.nio.ch.Net.bind0(Native Method)
! at sun.nio.ch.Net.bind(Net.java:433)
! at sun.nio.ch.Net.bind(Net.java:425)
! at sun.nio.ch.ServerSocketChannelImpl.bind(ServerSocketChannelImpl.java:223)
! at sun.nio.ch.ServerSocketAdaptor.bind(ServerSocketAdaptor.java:74)
! at org.eclipse.jetty.server.ServerConnector.open(ServerConnector.java:317)
! at org.eclipse.jetty.setuid.SetUIDListener.lifeCycleStarting(SetUIDListener.java:200)
! ... 23 common frames omitted
! Causing: java.lang.RuntimeException: java.net.BindException: Address already in use: bind
! at org.eclipse.jetty.setuid.SetUIDListener.lifeCycleStarting(SetUIDListener.java:213)
! at org.eclipse.jetty.util.component.AbstractLifeCycle.setStarting(AbstractLifeCycle.java:188)
! at org.eclipse.jetty.util.component.AbstractLifeCycle.start(AbstractLifeCycle.java:67)
! at io.dropwizard.cli.ServerCommand.run(ServerCommand.java:53)
! at io.dropwizard.cli.EnvironmentCommand.run(EnvironmentCommand.java:44)
! at io.dropwizard.cli.ConfiguredCommand.run(ConfiguredCommand.java:85)
! at io.dropwizard.testing.DropwizardTestSupport.startIfRequired(DropwizardTestSupport.java:194)
! at io.dropwizard.testing.DropwizardTestSupport.before(DropwizardTestSupport.java:112)
! at io.dropwizard.testing.junit.DropwizardAppRule.before(DropwizardAppRule.java:128)
! at org.junit.rules.ExternalResource$1.evaluate(ExternalResource.java:46)
! at org.junit.rules.RunRules.evaluate(RunRules.java:20)
! at org.junit.runners.ParentRunner.run(ParentRunner.java:363)
! at org.apache.maven.surefire.junit4.JUnit4Provider.execute(JUnit4Provider.java:252)
! at org.apache.maven.surefire.junit4.JUnit4Provider.executeTestSet(JUnit4Provider.java:141)
! at org.apache.maven.surefire.junit4.JUnit4Provider.invoke(JUnit4Provider.java:112)
! at sun.reflect.NativeMethodAccessorImpl.invoke0(Native Method)
! at sun.reflect.NativeMethodAccessorImpl.invoke(NativeMethodAccessorImpl.java:62)
! at sun.reflect.DelegatingMethodAccessorImpl.invoke(DelegatingMethodAccessorImpl.java:43)
! at java.lang.reflect.Method.invoke(Method.java:498)
! at org.apache.maven.surefire.util.ReflectionUtils.invokeMethodWithArray(ReflectionUtils.java:189)
! at org.apache.maven.surefire.booter.ProviderFactory$ProviderProxy.invoke(ProviderFactory.java:165)
! at org.apache.maven.surefire.booter.ProviderFactory.invokeProvider(ProviderFactory.java:85)
! at org.apache.maven.surefire.booter.ForkedBooter.runSuitesInProcess(ForkedBooter.java:115)
! at org.apache.maven.surefire.booter.ForkedBooter.main(ForkedBooter.java:75)
</system-out>
  </testcase>
</testsuite>